<?xml version="1.0" encoding="UTF-8"?>
<!-- Generated by org.testng.reporters.JUnitReportReporter -->
<testsuite skipped="0" hostname="DESKTOP-8NPMQV3" name="testcases.TC001_LoginPage" tests="1" failures="0" timestamp="2020-02-08T15:07:14 IST" time="22.668" errors="0">
  <testcase name="runLogin" time="22.668" classname="testcases.TC001_LoginPage"/>
</testsuite> <!-- testcases.TC001_LoginPage -->
